<?xml version="1.0" encoding="UTF-8"?>
<robot generator="Robot 5.0 (Python 3.9.10 on win32)" generated="20220413 15:32:12.827" rpa="false" schemaversion="3">
<suite id="s1" name="Testcase" source="C:\Users\Lenovo\PycharmProjects\Food_Delivery_Application\Tests\Food\FunctionalTestSuite\testcase.robot">
<test id="s1-t1" name="User login" line="112">
<kw name="Open Browser" library="SeleniumLibrary">
<arg>file:///C:/Users/Lenovo/PycharmProjects/Food_Delivery_Application/templates/User_Registration.html</arg>
<arg>chrome</arg>
<doc>Opens a new browser instance to the optional ``url``.</doc>
<msg timestamp="20220413 15:32:13.554" level="INFO">Opening browser 'chrome' to base url 'file:///C:/Users/Lenovo/PycharmProjects/Food_Delivery_Application/templates/User_Registration.html'.</msg>
<status status="PASS" starttime="20220413 15:32:13.554" endtime="20220413 15:32:34.755"/>
</kw>
<kw name="Maximize Browser Window" library="SeleniumLibrary">
<doc>Maximizes current browser window.</doc>
<status status="PASS" starttime="20220413 15:32:34.755" endtime="20220413 15:32:35.036"/>
</kw>
<kw name="Sleep" library="BuiltIn">
<arg>2s</arg>
<doc>Pauses the test executed for the given time.</doc>
<msg timestamp="20220413 15:32:37.116" level="INFO">Slept 2 seconds</msg>
<status status="PASS" starttime="20220413 15:32:35.057" endtime="20220413 15:32:37.116"/>
</kw>
<kw name="Click Link" library="SeleniumLibrary">
<arg>xpath:/html/body/div/div/div/div/form/table/tbody/tr[11]/td[2]/a</arg>
<doc>Clicks a link identified by ``locator``.</doc>
<msg timestamp="20220413 15:32:37.161" level="INFO">Clicking link 'xpath:/html/body/div/div/div/div/form/table/tbody/tr[11]/td[2]/a'.</msg>
<status status="PASS" starttime="20220413 15:32:37.159" endtime="20220413 15:32:37.790"/>
</kw>
<kw name="Sleep" library="BuiltIn">
<arg>2s</arg>
<doc>Pauses the test executed for the given time.</doc>
<msg timestamp="20220413 15:32:39.806" level="INFO">Slept 2 seconds</msg>
<status status="PASS" starttime="20220413 15:32:37.804" endtime="20220413 15:32:39.806"/>
</kw>
<kw name="Input Text" library="SeleniumLibrary">
<arg>name:username</arg>
<arg>${username2}</arg>
<doc>Types the given ``text`` into the text field identified by ``locator``.</doc>
<msg timestamp="20220413 15:32:39.808" level="INFO">Typing text 'ram@gmail.com' into text field 'name:username'.</msg>
<status status="PASS" starttime="20220413 15:32:39.807" endtime="20220413 15:32:40.031"/>
</kw>
<kw name="Sleep" library="BuiltIn">
<arg>2s</arg>
<doc>Pauses the test executed for the given time.</doc>
<msg timestamp="20220413 15:32:42.067" level="INFO">Slept 2 seconds</msg>
<status status="PASS" starttime="20220413 15:32:40.053" endtime="20220413 15:32:42.067"/>
</kw>
<kw name="Input Text" library="SeleniumLibrary">
<arg>name:password</arg>
<arg>${password2}</arg>
<doc>Types the given ``text`` into the text field identified by ``locator``.</doc>
<msg timestamp="20220413 15:32:42.070" level="INFO">Typing text '123456' into text field 'name:password'.</msg>
<status status="PASS" starttime="20220413 15:32:42.069" endtime="20220413 15:32:42.238"/>
</kw>
<kw name="Sleep" library="BuiltIn">
<arg>2s</arg>
<doc>Pauses the test executed for the given time.</doc>
<msg timestamp="20220413 15:32:44.243" level="INFO">Slept 2 seconds</msg>
<status status="PASS" starttime="20220413 15:32:42.238" endtime="20220413 15:32:44.243"/>
</kw>
<kw name="Click Button" library="SeleniumLibrary">
<arg>xpath:/html/body/div/div/div/div/form/table/tbody/tr[5]/td[2]/button</arg>
<doc>Clicks the button identified by ``locator``.</doc>
<msg timestamp="20220413 15:32:44.245" level="INFO">Clicking button 'xpath:/html/body/div/div/div/div/form/table/tbody/tr[5]/td[2]/button'.</msg>
<status status="PASS" starttime="20220413 15:32:44.244" endtime="20220413 15:32:45.370"/>
</kw>
<kw name="Close Browser" library="SeleniumLibrary">
<doc>Closes the current browser.</doc>
<status status="PASS" starttime="20220413 15:32:45.371" endtime="20220413 15:32:49.008"/>
</kw>
<doc>Restaurant Login Details</doc>
<tag>Restaurant Login</tag>
<status status="PASS" starttime="20220413 15:32:13.551" endtime="20220413 15:32:49.009"/>
</test>
<status status="PASS" starttime="20220413 15:32:12.830" endtime="20220413 15:32:49.012"/>
</suite>
<statistics>
<total>
<stat pass="1" fail="0" skip="0">All Tests</stat>
</total>
<tag>
<stat pass="1" fail="0" skip="0">Restaurant Login</stat>
</tag>
<suite>
<stat pass="1" fail="0" skip="0" id="s1" name="Testcase">Testcase</stat>
</suite>
</statistics>
<errors>
</errors>
</robot>
