<?xml version="1.0" encoding="UTF-8"?>
<robot generator="Robot 5.0 (Python 3.10.4 on win32)" generated="20220417 11:02:38.200" rpa="false" schemaversion="3">
<suite id="s1" name="User" source="C:\Users\Sushant Singh\Desktop\Harmen\Food_Delivery_Application\Tests\Food\FunctionalTestSuite\User.robot">
<test id="s1-t1" name="User Registration" line="9">
<kw name="Open Browser" library="SeleniumLibrary">
<arg>http://127.0.0.1:5000/</arg>
<arg>chrome</arg>
<doc>Opens a new browser instance to the optional ``url``.</doc>
<msg timestamp="20220417 11:02:38.404" level="INFO">Opening browser 'chrome' to base url 'http://127.0.0.1:5000/'.</msg>
<status status="PASS" starttime="20220417 11:02:38.404" endtime="20220417 11:02:39.926"/>
</kw>
<kw name="Maximize Browser Window" library="SeleniumLibrary">
<doc>Maximizes current browser window.</doc>
<status status="PASS" starttime="20220417 11:02:39.927" endtime="20220417 11:02:40.043"/>
</kw>
<kw name="Sleep" library="BuiltIn">
<arg>2s</arg>
<doc>Pauses the test executed for the given time.</doc>
<msg timestamp="20220417 11:02:42.054" level="INFO">Slept 2 seconds</msg>
<status status="PASS" starttime="20220417 11:02:40.044" endtime="20220417 11:02:42.054"/>
</kw>
<kw name="Click Link" library="SeleniumLibrary">
<arg>xpath:/html/body/div/div/div/div/form/span[2]/a</arg>
<doc>Clicks a link identified by ``locator``.</doc>
<msg timestamp="20220417 11:02:42.054" level="INFO">Clicking link 'xpath:/html/body/div/div/div/div/form/span[2]/a'.</msg>
<status status="PASS" starttime="20220417 11:02:42.054" endtime="20220417 11:02:42.158"/>
</kw>
<kw name="Sleep" library="BuiltIn">
<arg>2s</arg>
<doc>Pauses the test executed for the given time.</doc>
<msg timestamp="20220417 11:02:44.172" level="INFO">Slept 2 seconds</msg>
<status status="PASS" starttime="20220417 11:02:42.159" endtime="20220417 11:02:44.172"/>
</kw>
<kw name="Click Link" library="SeleniumLibrary">
<arg>xpath:/html/body/div/div/div/div/form/table/tbody/tr[6]/td[2]/a</arg>
<doc>Clicks a link identified by ``locator``.</doc>
<msg timestamp="20220417 11:02:44.172" level="INFO">Clicking link 'xpath:/html/body/div/div/div/div/form/table/tbody/tr[6]/td[2]/a'.</msg>
<status status="PASS" starttime="20220417 11:02:44.172" endtime="20220417 11:02:44.253"/>
</kw>
<kw name="Sleep" library="BuiltIn">
<arg>2s</arg>
<doc>Pauses the test executed for the given time.</doc>
<msg timestamp="20220417 11:02:46.255" level="INFO">Slept 2 seconds</msg>
<status status="PASS" starttime="20220417 11:02:44.254" endtime="20220417 11:02:46.255"/>
</kw>
<kw name="Input Text" library="SeleniumLibrary">
<arg>name:USER_NAME</arg>
<arg>Ram</arg>
<doc>Types the given ``text`` into the text field identified by ``locator``.</doc>
<msg timestamp="20220417 11:02:46.256" level="INFO">Typing text 'Ram' into text field 'name:USER_NAME'.</msg>
<status status="PASS" starttime="20220417 11:02:46.255" endtime="20220417 11:02:46.345"/>
</kw>
<kw name="Sleep" library="BuiltIn">
<arg>1s</arg>
<doc>Pauses the test executed for the given time.</doc>
<msg timestamp="20220417 11:02:47.347" level="INFO">Slept 1 second</msg>
<status status="PASS" starttime="20220417 11:02:46.345" endtime="20220417 11:02:47.347"/>
</kw>
<kw name="Input Text" library="SeleniumLibrary">
<arg>name:USER_EMAIL</arg>
<arg>${email}</arg>
<doc>Types the given ``text`` into the text field identified by ``locator``.</doc>
<msg timestamp="20220417 11:02:47.348" level="INFO">Typing text 'ram@gmail.com' into text field 'name:USER_EMAIL'.</msg>
<status status="PASS" starttime="20220417 11:02:47.348" endtime="20220417 11:02:47.425"/>
</kw>
<kw name="Sleep" library="BuiltIn">
<arg>1s</arg>
<doc>Pauses the test executed for the given time.</doc>
<msg timestamp="20220417 11:02:48.437" level="INFO">Slept 1 second</msg>
<status status="PASS" starttime="20220417 11:02:47.426" endtime="20220417 11:02:48.437"/>
</kw>
<kw name="Input Text" library="SeleniumLibrary">
<arg>name:USER_PHONE_NO</arg>
<arg>9898989898</arg>
<doc>Types the given ``text`` into the text field identified by ``locator``.</doc>
<msg timestamp="20220417 11:02:48.437" level="INFO">Typing text '9898989898' into text field 'name:USER_PHONE_NO'.</msg>
<status status="PASS" starttime="20220417 11:02:48.437" endtime="20220417 11:02:48.527"/>
</kw>
<kw name="Sleep" library="BuiltIn">
<arg>1s</arg>
<doc>Pauses the test executed for the given time.</doc>
<msg timestamp="20220417 11:02:49.532" level="INFO">Slept 1 second</msg>
<status status="PASS" starttime="20220417 11:02:48.528" endtime="20220417 11:02:49.532"/>
</kw>
<kw name="Input Text" library="SeleniumLibrary">
<arg>name:USER_PASSWORD</arg>
<arg>${password}</arg>
<doc>Types the given ``text`` into the text field identified by ``locator``.</doc>
<msg timestamp="20220417 11:02:49.532" level="INFO">Typing text '123456' into text field 'name:USER_PASSWORD'.</msg>
<status status="PASS" starttime="20220417 11:02:49.532" endtime="20220417 11:02:49.612"/>
</kw>
<kw name="Sleep" library="BuiltIn">
<arg>1s</arg>
<doc>Pauses the test executed for the given time.</doc>
<msg timestamp="20220417 11:02:50.627" level="INFO">Slept 1 second</msg>
<status status="PASS" starttime="20220417 11:02:49.612" endtime="20220417 11:02:50.627"/>
</kw>
<kw name="Input Text" library="SeleniumLibrary">
<arg>name:confirm_PASSWORD</arg>
<arg>${password}</arg>
<doc>Types the given ``text`` into the text field identified by ``locator``.</doc>
<msg timestamp="20220417 11:02:50.627" level="INFO">Typing text '123456' into text field 'name:confirm_PASSWORD'.</msg>
<status status="PASS" starttime="20220417 11:02:50.627" endtime="20220417 11:02:50.706"/>
</kw>
<kw name="Sleep" library="BuiltIn">
<arg>1s</arg>
<doc>Pauses the test executed for the given time.</doc>
<msg timestamp="20220417 11:02:51.712" level="INFO">Slept 1 second</msg>
<status status="PASS" starttime="20220417 11:02:50.707" endtime="20220417 11:02:51.712"/>
</kw>
<kw name="Input Text" library="SeleniumLibrary">
<arg>name:ADDRESS</arg>
<arg>chennai</arg>
<doc>Types the given ``text`` into the text field identified by ``locator``.</doc>
<msg timestamp="20220417 11:02:51.712" level="INFO">Typing text 'chennai' into text field 'name:ADDRESS'.</msg>
<status status="PASS" starttime="20220417 11:02:51.712" endtime="20220417 11:02:51.789"/>
</kw>
<kw name="Sleep" library="BuiltIn">
<arg>1s</arg>
<doc>Pauses the test executed for the given time.</doc>
<msg timestamp="20220417 11:02:52.794" level="INFO">Slept 1 second</msg>
<status status="PASS" starttime="20220417 11:02:51.790" endtime="20220417 11:02:52.794"/>
</kw>
<kw name="Input Text" library="SeleniumLibrary">
<arg>name:Pincode</arg>
<arg>600058</arg>
<doc>Types the given ``text`` into the text field identified by ``locator``.</doc>
<msg timestamp="20220417 11:02:52.794" level="INFO">Typing text '600058' into text field 'name:Pincode'.</msg>
<status status="PASS" starttime="20220417 11:02:52.794" endtime="20220417 11:02:52.874"/>
</kw>
<kw name="Sleep" library="BuiltIn">
<arg>1s</arg>
<doc>Pauses the test executed for the given time.</doc>
<msg timestamp="20220417 11:02:53.880" level="INFO">Slept 1 second</msg>
<status status="PASS" starttime="20220417 11:02:52.874" endtime="20220417 11:02:53.880"/>
</kw>
<kw name="Click Button" library="SeleniumLibrary">
<arg>xpath:/html/body/div/div/div/div/form/table/tbody/tr[10]/td[2]/button</arg>
<doc>Clicks the button identified by ``locator``.</doc>
<msg timestamp="20220417 11:02:53.880" level="INFO">Clicking button 'xpath:/html/body/div/div/div/div/form/table/tbody/tr[10]/td[2]/button'.</msg>
<status status="PASS" starttime="20220417 11:02:53.880" endtime="20220417 11:02:53.986"/>
</kw>
<doc>User Registeration details</doc>
<tag>User Registeration</tag>
<status status="PASS" starttime="20220417 11:02:38.404" endtime="20220417 11:02:53.987"/>
</test>
<test id="s1-t2" name="User login" line="35">
<kw name="Sleep" library="BuiltIn">
<arg>2s</arg>
<doc>Pauses the test executed for the given time.</doc>
<msg timestamp="20220417 11:02:55.995" level="INFO">Slept 2 seconds</msg>
<status status="PASS" starttime="20220417 11:02:53.991" endtime="20220417 11:02:55.995"/>
</kw>
<kw name="Input Text" library="SeleniumLibrary">
<arg>name:USER_EMAIL</arg>
<arg>${email}</arg>
<doc>Types the given ``text`` into the text field identified by ``locator``.</doc>
<msg timestamp="20220417 11:02:55.995" level="INFO">Typing text 'ram@gmail.com' into text field 'name:USER_EMAIL'.</msg>
<status status="PASS" starttime="20220417 11:02:55.995" endtime="20220417 11:02:56.077"/>
</kw>
<kw name="Sleep" library="BuiltIn">
<arg>2s</arg>
<doc>Pauses the test executed for the given time.</doc>
<msg timestamp="20220417 11:02:58.093" level="INFO">Slept 2 seconds</msg>
<status status="PASS" starttime="20220417 11:02:56.078" endtime="20220417 11:02:58.093"/>
</kw>
<kw name="Input Text" library="SeleniumLibrary">
<arg>name:USER_PASSSWORD</arg>
<arg>${password}</arg>
<doc>Types the given ``text`` into the text field identified by ``locator``.</doc>
<msg timestamp="20220417 11:02:58.093" level="INFO">Typing text '123456' into text field 'name:USER_PASSSWORD'.</msg>
<status status="PASS" starttime="20220417 11:02:58.093" endtime="20220417 11:02:58.168"/>
</kw>
<kw name="Sleep" library="BuiltIn">
<arg>2s</arg>
<doc>Pauses the test executed for the given time.</doc>
<msg timestamp="20220417 11:03:00.171" level="INFO">Slept 2 seconds</msg>
<status status="PASS" starttime="20220417 11:02:58.169" endtime="20220417 11:03:00.171"/>
</kw>
<kw name="Click Button" library="SeleniumLibrary">
<arg>xpath:/html/body/div/div/div/div/form/table/tbody/tr[5]/td[2]/button</arg>
<doc>Clicks the button identified by ``locator``.</doc>
<msg timestamp="20220417 11:03:00.171" level="INFO">Clicking button 'xpath:/html/body/div/div/div/div/form/table/tbody/tr[5]/td[2]/button'.</msg>
<status status="PASS" starttime="20220417 11:03:00.171" endtime="20220417 11:03:00.300"/>
</kw>
<kw name="Sleep" library="BuiltIn">
<arg>2s</arg>
<doc>Pauses the test executed for the given time.</doc>
<msg timestamp="20220417 11:03:02.312" level="INFO">Slept 2 seconds</msg>
<status status="PASS" starttime="20220417 11:03:00.301" endtime="20220417 11:03:02.312"/>
</kw>
<kw name="Close Browser" library="SeleniumLibrary">
<doc>Closes the current browser.</doc>
<status status="PASS" starttime="20220417 11:03:02.312" endtime="20220417 11:03:04.431"/>
</kw>
<doc>Restaurant Login Details</doc>
<tag>Restaurant Login</tag>
<status status="PASS" starttime="20220417 11:02:53.991" endtime="20220417 11:03:04.431"/>
</test>
<status status="PASS" starttime="20220417 11:02:38.200" endtime="20220417 11:03:04.431"/>
</suite>
<statistics>
<total>
<stat pass="2" fail="0" skip="0">All Tests</stat>
</total>
<tag>
<stat pass="1" fail="0" skip="0">Restaurant Login</stat>
<stat pass="1" fail="0" skip="0">User Registeration</stat>
</tag>
<suite>
<stat pass="2" fail="0" skip="0" id="s1" name="User">User</stat>
</suite>
</statistics>
<errors>
</errors>
</robot>
